<?xml version="1.0" encoding="UTF-8"?>
<testng-results ignored="0" total="1" passed="1" failed="0" skipped="0">
  <reporter-output>
  </reporter-output>
  <suite started-at="2022-04-24T15:28:42 IST" name="Default suite" finished-at="2022-04-24T15:29:01 IST" duration-ms="18964">
    <groups>
    </groups>
    <test started-at="2022-04-24T15:28:42 IST" name="Default test" finished-at="2022-04-24T15:29:01 IST" duration-ms="18964">
      <class name="oAuth2RestAssured.Oauth2_AuthorizationCode">
        <test-method signature="oAuth2_Coop_AuthorizationCode()[pri:0, instance:oAuth2RestAssured.Oauth2_AuthorizationCode@72a7c7e0]" started-at="2022-04-24T15:28:42 IST" name="oAuth2_Coop_AuthorizationCode" finished-at="2022-04-24T15:29:01 IST" duration-ms="18933" status="PASS">
          <reporter-output>
          </reporter-output>
        </test-method> <!-- oAuth2_Coop_AuthorizationCode -->
      </class> <!-- oAuth2RestAssured.Oauth2_AuthorizationCode -->
    </test> <!-- Default test -->
  </suite> <!-- Default suite -->
</testng-results>
