<?xml version="1.0" encoding="UTF-8"?>
<testng-results ignored="0" total="1" passed="1" failed="0" skipped="0">
  <reporter-output>
  </reporter-output>
  <suite started-at="2022-04-26T19:23:26 IST" name="Default suite" finished-at="2022-04-26T19:23:36 IST" duration-ms="10595">
    <groups>
    </groups>
    <test started-at="2022-04-26T19:23:26 IST" name="Default test" finished-at="2022-04-26T19:23:36 IST" duration-ms="10595">
      <class name="ctc.MarksSearch">
        <test-method signature="search()[pri:0, instance:ctc.MarksSearch@3c130745]" started-at="2022-04-26T19:23:26 IST" name="search" finished-at="2022-04-26T19:23:36 IST" duration-ms="10559" status="PASS">
          <reporter-output>
          </reporter-output>
        </test-method> <!-- search -->
      </class> <!-- ctc.MarksSearch -->
    </test> <!-- Default test -->
  </suite> <!-- Default suite -->
</testng-results>
